[2025-10-28 12:00:39] AI_Agent_Model cloned /app/workspace/AI_Agent_Model
[2025-10-28 12:01:37] AI_Agent_Model updated /app/workspace/AI_Agent_Model
[2025-10-28 12:01:47] AI_Agent_Model cloned /app/workspace/AI_Agent_Model
[2025-10-28 12:02:04] AI_Agent cloned /app/workspace/AI_Agent
[2025-10-28 12:28:31] AI_Agent success /app/workspace/AI_Agent
[2025-11-02 11:56:02] AI_Agent_Model success /app/workspace/AI_Agent_Model
[2025-11-02 12:32:12.051731] AI_Agent_Model success /app/workspace/AI_Agent_Model
[2025-11-02 12:35:56.634515] AI_Agent_Model success /app/workspace/AI_Agent_Model
[2025-11-02 12:40:09.181544] AI_Agent_Model success /app/workspace/AI_Agent_Model
[2025-11-02 13:36:28.145528] AI_Agent_Model success /app/workspace/AI_Agent_Model
[2025-11-02 13:36:41.953918] AI_Agent success /app/workspace/AI_Agent
[2025-11-02 13:36:57.521479] AI_Agent success /app/workspace/AI_Agent
[2025-11-02 13:37:23.949202] AI_Agent success /app/workspace/AI_Agent
[2025-11-02 13:38:15.528956] AI_Agent success /app/workspace/AI_Agent
[2025-11-02 13:39:46.781373] AI_Agent_Model success /app/workspace/AI_Agent_Model
[2025-11-02 14:05:22.351513] denoising-autoencoder success /app/workspace/denoising-autoencoder
[2025-11-02 14:14:52.211271] denoising-autoencoder success /app/workspace/denoising-autoencoder
[2025-11-03 06:07:26.174779] denoising-autoencoder success /app/workspace/denoising-autoencoder
[2025-11-04 11:56:21.498745] denoising-autoencoder success /app/workspace/denoising-autoencoder
[2025-11-04 12:02:24.229613] denoising-autoencoder success /app/workspace/denoising-autoencoder
[2025-11-04 12:16:43.742531] denoising-autoencoder success /app/workspace/denoising-autoencoder
[2025-11-04 12:17:01.880180] denoising-autoencoder success /app/workspace/denoising-autoencoder
[2025-11-04 12:22:41.584188] denoising-autoencoder success /app/workspace/denoising-autoencoder
[2025-11-04 12:27:54.063414] denoising-autoencoder success /app/workspace/denoising-autoencoder
[2025-11-05 14:28:50.877788] denoising-autoencoder success /app/workspace/denoising-autoencoder
[2025-11-06 06:14:01.373468] denoising-autoencoder success /app/workspace/denoising-autoencoder
[2025-11-06 06:16:56.119631] denoising-autoencoder success /app/workspace/denoising-autoencoder
